0 info it worked if it ends with ok
1 verbose cli [ 'C:\\Program Files\\nodejs\\node.exe',
1 verbose cli   'C:\\Users\\ZhukovV\\AppData\\Roaming\\npm\\node_modules\\npm\\bin\\npm-cli.js',
1 verbose cli   'run',
1 verbose cli   'dev' ]
2 info using npm@3.5.3
3 info using node@v4.2.4
4 verbose run-script [ 'predev', 'dev', 'postdev' ]
5 info lifecycle books@0.1.0~predev: books@0.1.0
6 silly lifecycle books@0.1.0~predev: no script for predev, continuing
7 info lifecycle books@0.1.0~dev: books@0.1.0
8 verbose lifecycle books@0.1.0~dev: unsafe-perm in lifecycle true
9 verbose lifecycle books@0.1.0~dev: PATH: C:\Users\ZhukovV\AppData\Roaming\npm\node_modules\npm\bin\node-gyp-bin;D:\work\bookshelf2\node_modules\.bin;C:\Users\ZhukovV\AppData\Roaming\npm;C:\Program Files\nodejs\;C:\Ruby22-x64\bin;C:\ProgramData\Oracle\Java\javapath;C:\Program Files (x86)\NVIDIA Corporation\PhysX\Common;C:\Program Files (x86)\Intel\iCLS Client\;C:\Program Files\Intel\iCLS Client\;C:\WINDOWS\system32;C:\WINDOWS;C:\WINDOWS\System32\Wbem;C:\WINDOWS\System32\WindowsPowerShell\v1.0\;C:\Program Files (x86)\Windows Live\Shared;C:\Program Files\Intel\Intel(R) Management Engine Components\DAL;C:\Program Files\Intel\Intel(R) Management Engine Components\IPT;C:\Program Files (x86)\Intel\Intel(R) Management Engine Components\DAL;C:\Program Files (x86)\Intel\Intel(R) Management Engine Components\IPT;C:\Program Files (x86)\Intel\OpenCL SDK\2.0\bin\x86;C:\Program Files (x86)\Intel\OpenCL SDK\2.0\bin\x64;C:\Program Files\Microsoft SQL Server\110\Tools\Binn\;C:\OpenCV-2.4.5\opencv\build\x64\vc10\bin;C:\OpenCV-2.4.5\opencv\build\common\tbb\intel64\vc10;C:\Program Files (x86)\Microsoft ASP.NET\ASP.NET Web Pages\v1.0\;C:\Program Files (x86)\Windows Kits\8.1\Windows Performance Toolkit\;C:\Program Files (x86)\Microsoft SDKs\TypeScript\1.0\;C:\Program Files\Microsoft SQL Server\120\Tools\Binn\;C:\Program Files\Microsoft\Web Platform Installer\;C:\Python27\;C:\Python27\Scripts\;C:\Program Files\nodejs\;C:\Program Files (x86)\Skype\Phone\;C:\Program Files\Git\cmd;C:\Users\ZhukovV\AppData\Roaming\npm
10 verbose lifecycle books@0.1.0~dev: CWD: D:\work\bookshelf2
11 silly lifecycle books@0.1.0~dev: Args: [ '/d /s /c', 'gulp --type dev' ]
12 silly lifecycle books@0.1.0~dev: Returned: code: 1  signal: null
13 info lifecycle books@0.1.0~dev: Failed to exec dev script
14 verbose stack Error: books@0.1.0 dev: `gulp --type dev`
14 verbose stack Exit status 1
14 verbose stack     at EventEmitter.<anonymous> (C:\Users\ZhukovV\AppData\Roaming\npm\node_modules\npm\lib\utils\lifecycle.js:232:16)
14 verbose stack     at emitTwo (events.js:87:13)
14 verbose stack     at EventEmitter.emit (events.js:172:7)
14 verbose stack     at ChildProcess.<anonymous> (C:\Users\ZhukovV\AppData\Roaming\npm\node_modules\npm\lib\utils\spawn.js:24:14)
14 verbose stack     at emitTwo (events.js:87:13)
14 verbose stack     at ChildProcess.emit (events.js:172:7)
14 verbose stack     at maybeClose (internal/child_process.js:818:16)
14 verbose stack     at Process.ChildProcess._handle.onexit (internal/child_process.js:211:5)
15 verbose pkgid books@0.1.0
16 verbose cwd D:\work\bookshelf2
17 error Windows_NT 10.0.10586
18 error argv "C:\\Program Files\\nodejs\\node.exe" "C:\\Users\\ZhukovV\\AppData\\Roaming\\npm\\node_modules\\npm\\bin\\npm-cli.js" "run" "dev"
19 error node v4.2.4
20 error npm  v3.5.3
21 error code ELIFECYCLE
22 error books@0.1.0 dev: `gulp --type dev`
22 error Exit status 1
23 error Failed at the books@0.1.0 dev script 'gulp --type dev'.
23 error Make sure you have the latest version of node.js and npm installed.
23 error If you do, this is most likely a problem with the books package,
23 error not with npm itself.
23 error Tell the author that this fails on your system:
23 error     gulp --type dev
23 error You can get information on how to open an issue for this project with:
23 error     npm bugs books
23 error Or if that isn't available, you can get their info via:
23 error     npm owner ls books
23 error There is likely additional logging output above.
24 verbose exit [ 1, true ]
